------------------- New Request -------------------
------------------- New Request -------------------
------------------- New Request -------------------
------------------- New Request -------------------
Form submitted with data:
Name: 
Alias: -
Description: 
Error: Name and Alias are required.
------------------- New Request -------------------
Form submitted with data:
Name: -
Alias: -
Description: 
Image uploaded successfully: ../../../uploads/categories/prayatnam1.png
Attempting to add category...
Category added successfully. Redirecting to index.php...
------------------- New Request -------------------
------------------- New Request -------------------
Form submitted with data:
Name: Maharastra
Alias: maharastra
Description: 
